<?xml version="1.0" encoding="UTF-8"?>
<testsuite xmlns:xsi="http://www.w3.org/2001/XMLSchema-instance" xsi:noNamespaceSchemaLocation="https://maven.apache.org/surefire/maven-surefire-plugin/xsd/surefire-test-report-3.0.xsd" version="3.0" name="com.flipkart.app.AppTest" time="0.018" tests="1" errors="0" skipped="0" failures="0">
  <properties>
    <property name="java.specification.version" value="17"/>
    <property name="sun.jnu.encoding" value="UTF-8"/>
    <property name="java.class.path" value="/Users/modi.rahul/Desktop/JEDICodeBase/JEDI-FLIPFIT-DROPWIZARD-APP/target/test-classes:/Users/modi.rahul/Desktop/JEDICodeBase/JEDI-FLIPFIT-DROPWIZARD-APP/target/classes:/Users/modi.rahul/.m2/repository/io/dropwizard/dropwizard-core/2.0.33/dropwizard-core-2.0.33.jar:/Users/modi.rahul/.m2/repository/io/dropwizard/dropwizard-util/2.0.33/dropwizard-util-2.0.33.jar:/Users/modi.rahul/.m2/repository/com/google/guava/guava/31.1-jre/guava-31.1-jre.jar:/Users/modi.rahul/.m2/repository/com/google/guava/failureaccess/1.0.1/failureaccess-1.0.1.jar:/Users/modi.rahul/.m2/repository/com/google/guava/listenablefuture/9999.0-empty-to-avoid-conflict-with-guava/listenablefuture-9999.0-empty-to-avoid-conflict-with-guava.jar:/Users/modi.rahul/.m2/repository/org/checkerframework/checker-qual/3.25.0/checker-qual-3.25.0.jar:/Users/modi.rahul/.m2/repository/com/google/errorprone/error_prone_annotations/2.10.0/error_prone_annotations-2.10.0.jar:/Users/modi.rahul/.m2/repository/com/google/j2objc/j2objc-annotations/1.3/j2objc-annotations-1.3.jar:/Users/modi.rahul/.m2/repository/io/dropwizard/dropwizard-jackson/2.0.33/dropwizard-jackson-2.0.33.jar:/Users/modi.rahul/.m2/repository/com/github/ben-manes/caffeine/caffeine/2.9.3/caffeine-2.9.3.jar:/Users/modi.rahul/.m2/repository/com/fasterxml/jackson/core/jackson-core/2.10.5/jackson-core-2.10.5.jar:/Users/modi.rahul/.m2/repository/com/fasterxml/jackson/datatype/jackson-datatype-guava/2.10.5/jackson-datatype-guava-2.10.5.jar:/Users/modi.rahul/.m2/repository/com/fasterxml/jackson/datatype/jackson-datatype-jsr310/2.10.5/jackson-datatype-jsr310-2.10.5.jar:/Users/modi.rahul/.m2/repository/com/fasterxml/jackson/datatype/jackson-datatype-jdk8/2.10.5/jackson-datatype-jdk8-2.10.5.jar:/Users/modi.rahul/.m2/repository/com/fasterxml/jackson/module/jackson-module-parameter-names/2.10.5/jackson-module-parameter-names-2.10.5.jar:/Users/modi.rahul/.m2/repository/com/fasterxml/jackson/module/jackson-module-afterburner/2.10.5/jackson-module-afterburner-2.10.5.jar:/Users/modi.rahul/.m2/repository/com/fasterxml/jackson/datatype/jackson-datatype-joda/2.10.5/jackson-datatype-joda-2.10.5.jar:/Users/modi.rahul/.m2/repository/io/dropwizard/dropwizard-validation/2.0.33/dropwizard-validation-2.0.33.jar:/Users/modi.rahul/.m2/repository/com/fasterxml/classmate/1.5.1/classmate-1.5.1.jar:/Users/modi.rahul/.m2/repository/org/glassfish/jakarta.el/3.0.4/jakarta.el-3.0.4.jar:/Users/modi.rahul/.m2/repository/io/dropwizard/dropwizard-configuration/2.0.33/dropwizard-configuration-2.0.33.jar:/Users/modi.rahul/.m2/repository/com/fasterxml/jackson/dataformat/jackson-dataformat-yaml/2.10.5/jackson-dataformat-yaml-2.10.5.jar:/Users/modi.rahul/.m2/repository/org/yaml/snakeyaml/1.26/snakeyaml-1.26.jar:/Users/modi.rahul/.m2/repository/org/apache/commons/commons-text/1.9/commons-text-1.9.jar:/Users/modi.rahul/.m2/repository/io/dropwizard/dropwizard-logging/2.0.33/dropwizard-logging-2.0.33.jar:/Users/modi.rahul/.m2/repository/io/dropwizard/metrics/metrics-logback/4.1.33/metrics-logback-4.1.33.jar:/Users/modi.rahul/.m2/repository/org/slf4j/jul-to-slf4j/1.7.36/jul-to-slf4j-1.7.36.jar:/Users/modi.rahul/.m2/repository/ch/qos/logback/logback-core/1.2.11/logback-core-1.2.11.jar:/Users/modi.rahul/.m2/repository/io/dropwizard/logback/logback-throttling-appender/1.1.9/logback-throttling-appender-1.1.9.jar:/Users/modi.rahul/.m2/repository/org/slf4j/log4j-over-slf4j/1.7.36/log4j-over-slf4j-1.7.36.jar:/Users/modi.rahul/.m2/repository/org/slf4j/jcl-over-slf4j/1.7.36/jcl-over-slf4j-1.7.36.jar:/Users/modi.rahul/.m2/repository/io/dropwizard/dropwizard-metrics/2.0.33/dropwizard-metrics-2.0.33.jar:/Users/modi.rahul/.m2/repository/io/dropwizard/dropwizard-jersey/2.0.33/dropwizard-jersey-2.0.33.jar:/Users/modi.rahul/.m2/repository/org/glassfish/jersey/core/jersey-server/2.33/jersey-server-2.33.jar:/Users/modi.rahul/.m2/repository/org/glassfish/jersey/ext/jersey-metainf-services/2.33/jersey-metainf-services-2.33.jar:/Users/modi.rahul/.m2/repository/org/glassfish/jersey/inject/jersey-hk2/2.33/jersey-hk2-2.33.jar:/Users/modi.rahul/.m2/repository/org/glassfish/hk2/hk2-locator/2.6.1/hk2-locator-2.6.1.jar:/Users/modi.rahul/.m2/repository/org/javassist/javassist/3.29.1-GA/javassist-3.29.1-GA.jar:/Users/modi.rahul/.m2/repository/io/dropwizard/metrics/metrics-jersey2/4.1.33/metrics-jersey2-4.1.33.jar:/Users/modi.rahul/.m2/repository/com/fasterxml/jackson/jaxrs/jackson-jaxrs-json-provider/2.10.5/jackson-jaxrs-json-provider-2.10.5.jar:/Users/modi.rahul/.m2/repository/com/fasterxml/jackson/jaxrs/jackson-jaxrs-base/2.10.5/jackson-jaxrs-base-2.10.5.jar:/Users/modi.rahul/.m2/repository/com/fasterxml/jackson/module/jackson-module-jaxb-annotations/2.10.5/jackson-module-jaxb-annotations-2.10.5.jar:/Users/modi.rahul/.m2/repository/jakarta/xml/bind/jakarta.xml.bind-api/2.3.3/jakarta.xml.bind-api-2.3.3.jar:/Users/modi.rahul/.m2/repository/jakarta/activation/jakarta.activation-api/1.2.2/jakarta.activation-api-1.2.2.jar:/Users/modi.rahul/.m2/repository/jakarta/annotation/jakarta.annotation-api/1.3.5/jakarta.annotation-api-1.3.5.jar:/Users/modi.rahul/.m2/repository/joda-time/joda-time/2.11.1/joda-time-2.11.1.jar:/Users/modi.rahul/.m2/repository/org/glassfish/hk2/hk2-api/2.6.1/hk2-api-2.6.1.jar:/Users/modi.rahul/.m2/repository/org/glassfish/hk2/hk2-utils/2.6.1/hk2-utils-2.6.1.jar:/Users/modi.rahul/.m2/repository/org/glassfish/hk2/external/aopalliance-repackaged/2.6.1/aopalliance-repackaged-2.6.1.jar:/Users/modi.rahul/.m2/repository/org/glassfish/jersey/containers/jersey-container-servlet/2.33/jersey-container-servlet-2.33.jar:/Users/modi.rahul/.m2/repository/org/glassfish/jersey/containers/jersey-container-servlet-core/2.33/jersey-container-servlet-core-2.33.jar:/Users/modi.rahul/.m2/repository/org/glassfish/jersey/core/jersey-client/2.33/jersey-client-2.33.jar:/Users/modi.rahul/.m2/repository/org/eclipse/jetty/jetty-io/9.4.48.v20220622/jetty-io-9.4.48.v20220622.jar:/Users/modi.rahul/.m2/repository/org/apache/commons/commons-lang3/3.12.0/commons-lang3-3.12.0.jar:/Users/modi.rahul/.m2/repository/io/dropwizard/dropwizard-servlets/2.0.33/dropwizard-servlets-2.0.33.jar:/Users/modi.rahul/.m2/repository/io/dropwizard/metrics/metrics-annotation/4.1.33/metrics-annotation-4.1.33.jar:/Users/modi.rahul/.m2/repository/io/dropwizard/dropwizard-jetty/2.0.33/dropwizard-jetty-2.0.33.jar:/Users/modi.rahul/.m2/repository/org/eclipse/jetty/jetty-servlets/9.4.48.v20220622/jetty-servlets-9.4.48.v20220622.jar:/Users/modi.rahul/.m2/repository/org/eclipse/jetty/jetty-continuation/9.4.48.v20220622/jetty-continuation-9.4.48.v20220622.jar:/Users/modi.rahul/.m2/repository/org/eclipse/jetty/jetty-http/9.4.48.v20220622/jetty-http-9.4.48.v20220622.jar:/Users/modi.rahul/.m2/repository/io/dropwizard/dropwizard-lifecycle/2.0.33/dropwizard-lifecycle-2.0.33.jar:/Users/modi.rahul/.m2/repository/io/dropwizard/metrics/metrics-core/4.1.33/metrics-core-4.1.33.jar:/Users/modi.rahul/.m2/repository/io/dropwizard/metrics/metrics-jetty9/4.1.33/metrics-jetty9-4.1.33.jar:/Users/modi.rahul/.m2/repository/io/dropwizard/metrics/metrics-jvm/4.1.33/metrics-jvm-4.1.33.jar:/Users/modi.rahul/.m2/repository/io/dropwizard/metrics/metrics-jmx/4.1.33/metrics-jmx-4.1.33.jar:/Users/modi.rahul/.m2/repository/io/dropwizard/metrics/metrics-servlets/4.1.33/metrics-servlets-4.1.33.jar:/Users/modi.rahul/.m2/repository/io/dropwizard/metrics/metrics-json/4.1.33/metrics-json-4.1.33.jar:/Users/modi.rahul/.m2/repository/com/helger/profiler/1.1.1/profiler-1.1.1.jar:/Users/modi.rahul/.m2/repository/io/dropwizard/metrics/metrics-healthchecks/4.1.33/metrics-healthchecks-4.1.33.jar:/Users/modi.rahul/.m2/repository/io/dropwizard/dropwizard-request-logging/2.0.33/dropwizard-request-logging-2.0.33.jar:/Users/modi.rahul/.m2/repository/ch/qos/logback/logback-access/1.2.11/logback-access-1.2.11.jar:/Users/modi.rahul/.m2/repository/ch/qos/logback/logback-classic/1.2.11/logback-classic-1.2.11.jar:/Users/modi.rahul/.m2/repository/com/fasterxml/jackson/core/jackson-annotations/2.10.5/jackson-annotations-2.10.5.jar:/Users/modi.rahul/.m2/repository/com/fasterxml/jackson/core/jackson-databind/2.10.5.1/jackson-databind-2.10.5.1.jar:/Users/modi.rahul/.m2/repository/com/google/code/findbugs/jsr305/3.0.2/jsr305-3.0.2.jar:/Users/modi.rahul/.m2/repository/jakarta/servlet/jakarta.servlet-api/4.0.4/jakarta.servlet-api-4.0.4.jar:/Users/modi.rahul/.m2/repository/jakarta/validation/jakarta.validation-api/2.0.2/jakarta.validation-api-2.0.2.jar:/Users/modi.rahul/.m2/repository/jakarta/ws/rs/jakarta.ws.rs-api/2.1.6/jakarta.ws.rs-api-2.1.6.jar:/Users/modi.rahul/.m2/repository/net/sourceforge/argparse4j/argparse4j/0.8.1/argparse4j-0.8.1.jar:/Users/modi.rahul/.m2/repository/org/eclipse/jetty/jetty-security/9.4.48.v20220622/jetty-security-9.4.48.v20220622.jar:/Users/modi.rahul/.m2/repository/org/eclipse/jetty/jetty-server/9.4.48.v20220622/jetty-server-9.4.48.v20220622.jar:/Users/modi.rahul/.m2/repository/org/eclipse/jetty/jetty-servlet/9.4.48.v20220622/jetty-servlet-9.4.48.v20220622.jar:/Users/modi.rahul/.m2/repository/org/eclipse/jetty/jetty-util-ajax/9.4.48.v20220622/jetty-util-ajax-9.4.48.v20220622.jar:/Users/modi.rahul/.m2/repository/org/eclipse/jetty/jetty-util/9.4.48.v20220622/jetty-util-9.4.48.v20220622.jar:/Users/modi.rahul/.m2/repository/org/eclipse/jetty/toolchain/setuid/jetty-setuid-java/1.0.4/jetty-setuid-java-1.0.4.jar:/Users/modi.rahul/.m2/repository/org/glassfish/hk2/external/jakarta.inject/2.6.1/jakarta.inject-2.6.1.jar:/Users/modi.rahul/.m2/repository/org/glassfish/jersey/core/jersey-common/2.33/jersey-common-2.33.jar:/Users/modi.rahul/.m2/repository/org/glassfish/hk2/osgi-resource-locator/1.0.3/osgi-resource-locator-1.0.3.jar:/Users/modi.rahul/.m2/repository/org/glassfish/jersey/ext/jersey-bean-validation/2.33/jersey-bean-validation-2.33.jar:/Users/modi.rahul/.m2/repository/org/hibernate/validator/hibernate-validator/6.1.7.Final/hibernate-validator-6.1.7.Final.jar:/Users/modi.rahul/.m2/repository/org/jboss/logging/jboss-logging/3.3.2.Final/jboss-logging-3.3.2.Final.jar:/Users/modi.rahul/.m2/repository/org/slf4j/slf4j-api/1.7.36/slf4j-api-1.7.36.jar:/Users/modi.rahul/.m2/repository/com/mysql/mysql-connector-j/8.0.33/mysql-connector-j-8.0.33.jar:/Users/modi.rahul/.m2/repository/com/google/protobuf/protobuf-java/3.21.9/protobuf-java-3.21.9.jar:/Users/modi.rahul/.m2/repository/junit/junit/4.11/junit-4.11.jar:/Users/modi.rahul/.m2/repository/org/hamcrest/hamcrest-core/1.3/hamcrest-core-1.3.jar:"/>
    <property name="java.vm.vendor" value="Oracle Corporation"/>
    <property name="sun.arch.data.model" value="64"/>
    <property name="java.vendor.url" value="https://java.oracle.com/"/>
    <property name="os.name" value="Mac OS X"/>
    <property name="java.vm.specification.version" value="17"/>
    <property name="sun.java.launcher" value="SUN_STANDARD"/>
    <property name="user.country" value="IN"/>
    <property name="sun.boot.library.path" value="/Library/Java/JavaVirtualMachines/jdk-17.jdk/Contents/Home/lib"/>
    <property name="sun.java.command" value="/Users/modi.rahul/Desktop/JEDICodeBase/JEDI-FLIPFIT-DROPWIZARD-APP/target/surefire/surefirebooter-20240701140221595_3.jar /Users/modi.rahul/Desktop/JEDICodeBase/JEDI-FLIPFIT-DROPWIZARD-APP/target/surefire 2024-07-01T14-02-21_559-jvmRun1 surefire-20240701140221595_1tmp surefire_0-20240701140221595_2tmp"/>
    <property name="jdk.debug" value="release"/>
    <property name="surefire.test.class.path" value="/Users/modi.rahul/Desktop/JEDICodeBase/JEDI-FLIPFIT-DROPWIZARD-APP/target/test-classes:/Users/modi.rahul/Desktop/JEDICodeBase/JEDI-FLIPFIT-DROPWIZARD-APP/target/classes:/Users/modi.rahul/.m2/repository/io/dropwizard/dropwizard-core/2.0.33/dropwizard-core-2.0.33.jar:/Users/modi.rahul/.m2/repository/io/dropwizard/dropwizard-util/2.0.33/dropwizard-util-2.0.33.jar:/Users/modi.rahul/.m2/repository/com/google/guava/guava/31.1-jre/guava-31.1-jre.jar:/Users/modi.rahul/.m2/repository/com/google/guava/failureaccess/1.0.1/failureaccess-1.0.1.jar:/Users/modi.rahul/.m2/repository/com/google/guava/listenablefuture/9999.0-empty-to-avoid-conflict-with-guava/listenablefuture-9999.0-empty-to-avoid-conflict-with-guava.jar:/Users/modi.rahul/.m2/repository/org/checkerframework/checker-qual/3.25.0/checker-qual-3.25.0.jar:/Users/modi.rahul/.m2/repository/com/google/errorprone/error_prone_annotations/2.10.0/error_prone_annotations-2.10.0.jar:/Users/modi.rahul/.m2/repository/com/google/j2objc/j2objc-annotations/1.3/j2objc-annotations-1.3.jar:/Users/modi.rahul/.m2/repository/io/dropwizard/dropwizard-jackson/2.0.33/dropwizard-jackson-2.0.33.jar:/Users/modi.rahul/.m2/repository/com/github/ben-manes/caffeine/caffeine/2.9.3/caffeine-2.9.3.jar:/Users/modi.rahul/.m2/repository/com/fasterxml/jackson/core/jackson-core/2.10.5/jackson-core-2.10.5.jar:/Users/modi.rahul/.m2/repository/com/fasterxml/jackson/datatype/jackson-datatype-guava/2.10.5/jackson-datatype-guava-2.10.5.jar:/Users/modi.rahul/.m2/repository/com/fasterxml/jackson/datatype/jackson-datatype-jsr310/2.10.5/jackson-datatype-jsr310-2.10.5.jar:/Users/modi.rahul/.m2/repository/com/fasterxml/jackson/datatype/jackson-datatype-jdk8/2.10.5/jackson-datatype-jdk8-2.10.5.jar:/Users/modi.rahul/.m2/repository/com/fasterxml/jackson/module/jackson-module-parameter-names/2.10.5/jackson-module-parameter-names-2.10.5.jar:/Users/modi.rahul/.m2/repository/com/fasterxml/jackson/module/jackson-module-afterburner/2.10.5/jackson-module-afterburner-2.10.5.jar:/Users/modi.rahul/.m2/repository/com/fasterxml/jackson/datatype/jackson-datatype-joda/2.10.5/jackson-datatype-joda-2.10.5.jar:/Users/modi.rahul/.m2/repository/io/dropwizard/dropwizard-validation/2.0.33/dropwizard-validation-2.0.33.jar:/Users/modi.rahul/.m2/repository/com/fasterxml/classmate/1.5.1/classmate-1.5.1.jar:/Users/modi.rahul/.m2/repository/org/glassfish/jakarta.el/3.0.4/jakarta.el-3.0.4.jar:/Users/modi.rahul/.m2/repository/io/dropwizard/dropwizard-configuration/2.0.33/dropwizard-configuration-2.0.33.jar:/Users/modi.rahul/.m2/repository/com/fasterxml/jackson/dataformat/jackson-dataformat-yaml/2.10.5/jackson-dataformat-yaml-2.10.5.jar:/Users/modi.rahul/.m2/repository/org/yaml/snakeyaml/1.26/snakeyaml-1.26.jar:/Users/modi.rahul/.m2/repository/org/apache/commons/commons-text/1.9/commons-text-1.9.jar:/Users/modi.rahul/.m2/repository/io/dropwizard/dropwizard-logging/2.0.33/dropwizard-logging-2.0.33.jar:/Users/modi.rahul/.m2/repository/io/dropwizard/metrics/metrics-logback/4.1.33/metrics-logback-4.1.33.jar:/Users/modi.rahul/.m2/repository/org/slf4j/jul-to-slf4j/1.7.36/jul-to-slf4j-1.7.36.jar:/Users/modi.rahul/.m2/repository/ch/qos/logback/logback-core/1.2.11/logback-core-1.2.11.jar:/Users/modi.rahul/.m2/repository/io/dropwizard/logback/logback-throttling-appender/1.1.9/logback-throttling-appender-1.1.9.jar:/Users/modi.rahul/.m2/repository/org/slf4j/log4j-over-slf4j/1.7.36/log4j-over-slf4j-1.7.36.jar:/Users/modi.rahul/.m2/repository/org/slf4j/jcl-over-slf4j/1.7.36/jcl-over-slf4j-1.7.36.jar:/Users/modi.rahul/.m2/repository/io/dropwizard/dropwizard-metrics/2.0.33/dropwizard-metrics-2.0.33.jar:/Users/modi.rahul/.m2/repository/io/dropwizard/dropwizard-jersey/2.0.33/dropwizard-jersey-2.0.33.jar:/Users/modi.rahul/.m2/repository/org/glassfish/jersey/core/jersey-server/2.33/jersey-server-2.33.jar:/Users/modi.rahul/.m2/repository/org/glassfish/jersey/ext/jersey-metainf-services/2.33/jersey-metainf-services-2.33.jar:/Users/modi.rahul/.m2/repository/org/glassfish/jersey/inject/jersey-hk2/2.33/jersey-hk2-2.33.jar:/Users/modi.rahul/.m2/repository/org/glassfish/hk2/hk2-locator/2.6.1/hk2-locator-2.6.1.jar:/Users/modi.rahul/.m2/repository/org/javassist/javassist/3.29.1-GA/javassist-3.29.1-GA.jar:/Users/modi.rahul/.m2/repository/io/dropwizard/metrics/metrics-jersey2/4.1.33/metrics-jersey2-4.1.33.jar:/Users/modi.rahul/.m2/repository/com/fasterxml/jackson/jaxrs/jackson-jaxrs-json-provider/2.10.5/jackson-jaxrs-json-provider-2.10.5.jar:/Users/modi.rahul/.m2/repository/com/fasterxml/jackson/jaxrs/jackson-jaxrs-base/2.10.5/jackson-jaxrs-base-2.10.5.jar:/Users/modi.rahul/.m2/repository/com/fasterxml/jackson/module/jackson-module-jaxb-annotations/2.10.5/jackson-module-jaxb-annotations-2.10.5.jar:/Users/modi.rahul/.m2/repository/jakarta/xml/bind/jakarta.xml.bind-api/2.3.3/jakarta.xml.bind-api-2.3.3.jar:/Users/modi.rahul/.m2/repository/jakarta/activation/jakarta.activation-api/1.2.2/jakarta.activation-api-1.2.2.jar:/Users/modi.rahul/.m2/repository/jakarta/annotation/jakarta.annotation-api/1.3.5/jakarta.annotation-api-1.3.5.jar:/Users/modi.rahul/.m2/repository/joda-time/joda-time/2.11.1/joda-time-2.11.1.jar:/Users/modi.rahul/.m2/repository/org/glassfish/hk2/hk2-api/2.6.1/hk2-api-2.6.1.jar:/Users/modi.rahul/.m2/repository/org/glassfish/hk2/hk2-utils/2.6.1/hk2-utils-2.6.1.jar:/Users/modi.rahul/.m2/repository/org/glassfish/hk2/external/aopalliance-repackaged/2.6.1/aopalliance-repackaged-2.6.1.jar:/Users/modi.rahul/.m2/repository/org/glassfish/jersey/containers/jersey-container-servlet/2.33/jersey-container-servlet-2.33.jar:/Users/modi.rahul/.m2/repository/org/glassfish/jersey/containers/jersey-container-servlet-core/2.33/jersey-container-servlet-core-2.33.jar:/Users/modi.rahul/.m2/repository/org/glassfish/jersey/core/jersey-client/2.33/jersey-client-2.33.jar:/Users/modi.rahul/.m2/repository/org/eclipse/jetty/jetty-io/9.4.48.v20220622/jetty-io-9.4.48.v20220622.jar:/Users/modi.rahul/.m2/repository/org/apache/commons/commons-lang3/3.12.0/commons-lang3-3.12.0.jar:/Users/modi.rahul/.m2/repository/io/dropwizard/dropwizard-servlets/2.0.33/dropwizard-servlets-2.0.33.jar:/Users/modi.rahul/.m2/repository/io/dropwizard/metrics/metrics-annotation/4.1.33/metrics-annotation-4.1.33.jar:/Users/modi.rahul/.m2/repository/io/dropwizard/dropwizard-jetty/2.0.33/dropwizard-jetty-2.0.33.jar:/Users/modi.rahul/.m2/repository/org/eclipse/jetty/jetty-servlets/9.4.48.v20220622/jetty-servlets-9.4.48.v20220622.jar:/Users/modi.rahul/.m2/repository/org/eclipse/jetty/jetty-continuation/9.4.48.v20220622/jetty-continuation-9.4.48.v20220622.jar:/Users/modi.rahul/.m2/repository/org/eclipse/jetty/jetty-http/9.4.48.v20220622/jetty-http-9.4.48.v20220622.jar:/Users/modi.rahul/.m2/repository/io/dropwizard/dropwizard-lifecycle/2.0.33/dropwizard-lifecycle-2.0.33.jar:/Users/modi.rahul/.m2/repository/io/dropwizard/metrics/metrics-core/4.1.33/metrics-core-4.1.33.jar:/Users/modi.rahul/.m2/repository/io/dropwizard/metrics/metrics-jetty9/4.1.33/metrics-jetty9-4.1.33.jar:/Users/modi.rahul/.m2/repository/io/dropwizard/metrics/metrics-jvm/4.1.33/metrics-jvm-4.1.33.jar:/Users/modi.rahul/.m2/repository/io/dropwizard/metrics/metrics-jmx/4.1.33/metrics-jmx-4.1.33.jar:/Users/modi.rahul/.m2/repository/io/dropwizard/metrics/metrics-servlets/4.1.33/metrics-servlets-4.1.33.jar:/Users/modi.rahul/.m2/repository/io/dropwizard/metrics/metrics-json/4.1.33/metrics-json-4.1.33.jar:/Users/modi.rahul/.m2/repository/com/helger/profiler/1.1.1/profiler-1.1.1.jar:/Users/modi.rahul/.m2/repository/io/dropwizard/metrics/metrics-healthchecks/4.1.33/metrics-healthchecks-4.1.33.jar:/Users/modi.rahul/.m2/repository/io/dropwizard/dropwizard-request-logging/2.0.33/dropwizard-request-logging-2.0.33.jar:/Users/modi.rahul/.m2/repository/ch/qos/logback/logback-access/1.2.11/logback-access-1.2.11.jar:/Users/modi.rahul/.m2/repository/ch/qos/logback/logback-classic/1.2.11/logback-classic-1.2.11.jar:/Users/modi.rahul/.m2/repository/com/fasterxml/jackson/core/jackson-annotations/2.10.5/jackson-annotations-2.10.5.jar:/Users/modi.rahul/.m2/repository/com/fasterxml/jackson/core/jackson-databind/2.10.5.1/jackson-databind-2.10.5.1.jar:/Users/modi.rahul/.m2/repository/com/google/code/findbugs/jsr305/3.0.2/jsr305-3.0.2.jar:/Users/modi.rahul/.m2/repository/jakarta/servlet/jakarta.servlet-api/4.0.4/jakarta.servlet-api-4.0.4.jar:/Users/modi.rahul/.m2/repository/jakarta/validation/jakarta.validation-api/2.0.2/jakarta.validation-api-2.0.2.jar:/Users/modi.rahul/.m2/repository/jakarta/ws/rs/jakarta.ws.rs-api/2.1.6/jakarta.ws.rs-api-2.1.6.jar:/Users/modi.rahul/.m2/repository/net/sourceforge/argparse4j/argparse4j/0.8.1/argparse4j-0.8.1.jar:/Users/modi.rahul/.m2/repository/org/eclipse/jetty/jetty-security/9.4.48.v20220622/jetty-security-9.4.48.v20220622.jar:/Users/modi.rahul/.m2/repository/org/eclipse/jetty/jetty-server/9.4.48.v20220622/jetty-server-9.4.48.v20220622.jar:/Users/modi.rahul/.m2/repository/org/eclipse/jetty/jetty-servlet/9.4.48.v20220622/jetty-servlet-9.4.48.v20220622.jar:/Users/modi.rahul/.m2/repository/org/eclipse/jetty/jetty-util-ajax/9.4.48.v20220622/jetty-util-ajax-9.4.48.v20220622.jar:/Users/modi.rahul/.m2/repository/org/eclipse/jetty/jetty-util/9.4.48.v20220622/jetty-util-9.4.48.v20220622.jar:/Users/modi.rahul/.m2/repository/org/eclipse/jetty/toolchain/setuid/jetty-setuid-java/1.0.4/jetty-setuid-java-1.0.4.jar:/Users/modi.rahul/.m2/repository/org/glassfish/hk2/external/jakarta.inject/2.6.1/jakarta.inject-2.6.1.jar:/Users/modi.rahul/.m2/repository/org/glassfish/jersey/core/jersey-common/2.33/jersey-common-2.33.jar:/Users/modi.rahul/.m2/repository/org/glassfish/hk2/osgi-resource-locator/1.0.3/osgi-resource-locator-1.0.3.jar:/Users/modi.rahul/.m2/repository/org/glassfish/jersey/ext/jersey-bean-validation/2.33/jersey-bean-validation-2.33.jar:/Users/modi.rahul/.m2/repository/org/hibernate/validator/hibernate-validator/6.1.7.Final/hibernate-validator-6.1.7.Final.jar:/Users/modi.rahul/.m2/repository/org/jboss/logging/jboss-logging/3.3.2.Final/jboss-logging-3.3.2.Final.jar:/Users/modi.rahul/.m2/repository/org/slf4j/slf4j-api/1.7.36/slf4j-api-1.7.36.jar:/Users/modi.rahul/.m2/repository/com/mysql/mysql-connector-j/8.0.33/mysql-connector-j-8.0.33.jar:/Users/modi.rahul/.m2/repository/com/google/protobuf/protobuf-java/3.21.9/protobuf-java-3.21.9.jar:/Users/modi.rahul/.m2/repository/junit/junit/4.11/junit-4.11.jar:/Users/modi.rahul/.m2/repository/org/hamcrest/hamcrest-core/1.3/hamcrest-core-1.3.jar:"/>
    <property name="sun.cpu.endian" value="little"/>
    <property name="user.home" value="/Users/modi.rahul"/>
    <property name="user.language" value="en"/>
    <property name="java.specification.vendor" value="Oracle Corporation"/>
    <property name="java.version.date" value="2024-04-16"/>
    <property name="java.home" value="/Library/Java/JavaVirtualMachines/jdk-17.jdk/Contents/Home"/>
    <property name="file.separator" value="/"/>
    <property name="basedir" value="/Users/modi.rahul/Desktop/JEDICodeBase/JEDI-FLIPFIT-DROPWIZARD-APP"/>
    <property name="java.vm.compressedOopsMode" value="Zero based"/>
    <property name="line.separator" value="&#10;"/>
    <property name="java.vm.specification.vendor" value="Oracle Corporation"/>
    <property name="java.specification.name" value="Java Platform API Specification"/>
    <property name="surefire.real.class.path" value="/Users/modi.rahul/Desktop/JEDICodeBase/JEDI-FLIPFIT-DROPWIZARD-APP/target/surefire/surefirebooter-20240701140221595_3.jar"/>
    <property name="sun.management.compiler" value="HotSpot 64-Bit Tiered Compilers"/>
    <property name="java.runtime.version" value="17.0.11+7-LTS-207"/>
    <property name="user.name" value="modi.rahul"/>
    <property name="path.separator" value=":"/>
    <property name="os.version" value="14.0"/>
    <property name="java.runtime.name" value="Java(TM) SE Runtime Environment"/>
    <property name="file.encoding" value="UTF-8"/>
    <property name="java.vm.name" value="Java HotSpot(TM) 64-Bit Server VM"/>
    <property name="localRepository" value="/Users/modi.rahul/.m2/repository"/>
    <property name="java.vendor.url.bug" value="https://bugreport.java.com/bugreport/"/>
    <property name="java.io.tmpdir" value="/var/folders/wq/p3351hj14sj0dtw1lzh29m980000gp/T/"/>
    <property name="java.version" value="17.0.11"/>
    <property name="user.dir" value="/Users/modi.rahul/Desktop/JEDICodeBase/JEDI-FLIPFIT-DROPWIZARD-APP"/>
    <property name="os.arch" value="aarch64"/>
    <property name="java.vm.specification.name" value="Java Virtual Machine Specification"/>
    <property name="native.encoding" value="UTF-8"/>
    <property name="java.library.path" value="/Users/modi.rahul/Library/Java/Extensions:/Library/Java/Extensions:/Network/Library/Java/Extensions:/System/Library/Java/Extensions:/usr/lib/java:."/>
    <property name="java.vm.info" value="mixed mode, sharing"/>
    <property name="java.vendor" value="Oracle Corporation"/>
    <property name="java.vm.version" value="17.0.11+7-LTS-207"/>
    <property name="sun.io.unicode.encoding" value="UnicodeBig"/>
    <property name="java.class.version" value="61.0"/>
  </properties>
  <testcase name="testApp" classname="com.flipkart.app.AppTest" time="0.001"/>
</testsuite>